Tue Mar 15 18:24:51 PDT 2016
setenv SUBJECTS_DIR /ensc/NEWTON5/STUDENTS/DLU/Arrowsmith_TBI/PROCESSED_DATA/FREESURFER
cd /ensc/NEWTON5/STUDENTS/DLU/Arrowsmith_TBI/PROCESSED_DATA/FREESURFER/FSL_MNI152/surf
/ensc/IMAGE_MAIN/SOFTWARE/x86_64/freesurfer-v5.3.0/bin/mris_preproc --s FSL_MNI152 --hemi lh --meas area --target fsaverage --out lh.area.fsaverage.mgh

Linux ensc-ilpc14u 2.6.32-573.12.1.el6.x86_64 #1 SMP Tue Dec 15 21:19:08 UTC 2015 x86_64 x86_64 x86_64 GNU/Linux
$Id: mris_preproc,v 1.59.2.4 2012/12/06 16:06:52 mreuter Exp $
freesurfer-Linux-centos6_x86_64-stable-pub-v5.3.0
tmpdir is ./tmp.mris_preproc.28826
Src lh sphere.reg
Trg lh sphere.reg




---------------------------------------------------
#@# 1/1 FSL_MNI152 Tue Mar 15 18:24:51 PDT 2016 --------------
-----------------------
mri_surf2surf --srcsubject FSL_MNI152 --srchemi lh --srcsurfreg sphere.reg --trgsubject fsaverage --trghemi lh --trgsurfreg sphere.reg --tval ./tmp.mris_preproc.28826/FSL_MNI152.1.mgh --sval /ensc/NEWTON5/STUDENTS/DLU/Arrowsmith_TBI/PROCESSED_DATA/FREESURFER/FSL_MNI152/surf/lh.area --jac --sfmt curv --noreshape --no-cortex
Source registration surface changed to sphere.reg
Target registration surface changed to sphere.reg
srcsubject = FSL_MNI152
srcval     = /ensc/NEWTON5/STUDENTS/DLU/Arrowsmith_TBI/PROCESSED_DATA/FREESURFER/FSL_MNI152/surf/lh.area
srctype    = curv
trgsubject = fsaverage
trgval     = ./tmp.mris_preproc.28826/FSL_MNI152.1.mgh
trgtype    = 
srcsurfreg = sphere.reg
trgsurfreg = sphere.reg
srchemi    = lh
trghemi    = lh
frame      = 0
fwhm-in    = 0
fwhm-out   = 0
label-src  = (null)
label-trg  = (null)
OKToRevFaceOrder  = 1
Reading source surface reg /ensc/NEWTON5/STUDENTS/DLU/Arrowsmith_TBI/PROCESSED_DATA/FREESURFER/FSL_MNI152/surf/lh.sphere.reg
Loading source data
Reading curvature file /ensc/NEWTON5/STUDENTS/DLU/Arrowsmith_TBI/PROCESSED_DATA/FREESURFER/FSL_MNI152/surf/lh.area
Reading target surface reg /ensc/NEWTON5/STUDENTS/DLU/Arrowsmith_TBI/PROCESSED_DATA/FREESURFER/fsaverage/surf/lh.sphere.reg
Done
Mapping Source Volume onto Source Subject Surface with Jacobian Correction
surf2surf_nnfr_jac: building source hash (res=16).
Surf2SurfJac: 1st Forward Loop (163842)
Surf2SurfJac: 2nd Forward Loop (163842)
surf2surf_nnfr: building target hash (res=16).
Surf2SurfJac: Reverse Loop (148235)
Reverse Loop had 27749 hits
INFO: nSrcLost = 0
surf2surf_nnfr_jac() done
nTrg121 = 141007, nTrgMulti = 22835, MnTrgMultiHits = 2.2152
nSrc121 = 114365, nSrcLost =     0, nSrcMulti = 33870, MnSrcMultiHits = 2.28007
Saving target data
Saving to ./tmp.mris_preproc.28826/FSL_MNI152.1.mgh



-----------------------
mri_concat ./tmp.mris_preproc.28826/FSL_MNI152.1.mgh --o lh.area.fsaverage.mgh
ninputs = 1
Checking inputs
nframestot = 1
Allocing output
Done allocing
nframes = 1
Writing to lh.area.fsaverage.mgh



Cleaning up
-----------------------
rm -r ./tmp.mris_preproc.28826
Tue Mar 15 18:24:57 PDT 2016
mris_preproc done
