Tue Mar 15 18:30:14 PDT 2016
setenv SUBJECTS_DIR /ensc/NEWTON5/STUDENTS/DLU/Arrowsmith_TBI/PROCESSED_DATA/FREESURFER
cd /ensc/NEWTON5/STUDENTS/DLU/Arrowsmith_TBI/PROCESSED_DATA/FREESURFER/FSL_MNI152/surf
/ensc/IMAGE_MAIN/SOFTWARE/x86_64/freesurfer-v5.3.0/bin/mris_preproc --s FSL_MNI152 --hemi rh --meas w-g.pct.mgh --target fsaverage --out rh.w-g.pct.mgh.fsaverage.mgh

Linux ensc-ilpc14u 2.6.32-573.12.1.el6.x86_64 #1 SMP Tue Dec 15 21:19:08 UTC 2015 x86_64 x86_64 x86_64 GNU/Linux
$Id: mris_preproc,v 1.59.2.4 2012/12/06 16:06:52 mreuter Exp $
freesurfer-Linux-centos6_x86_64-stable-pub-v5.3.0
tmpdir is ./tmp.mris_preproc.424
Src rh sphere.reg
Trg rh sphere.reg




---------------------------------------------------
#@# 1/1 FSL_MNI152 Tue Mar 15 18:30:15 PDT 2016 --------------
-----------------------
mri_surf2surf --srcsubject FSL_MNI152 --srchemi rh --srcsurfreg sphere.reg --trgsubject fsaverage --trghemi rh --trgsurfreg sphere.reg --tval ./tmp.mris_preproc.424/FSL_MNI152.1.mgh --sval /ensc/NEWTON5/STUDENTS/DLU/Arrowsmith_TBI/PROCESSED_DATA/FREESURFER/FSL_MNI152/surf/rh.w-g.pct.mgh --sfmt curv --noreshape --no-cortex
Source registration surface changed to sphere.reg
Target registration surface changed to sphere.reg
srcsubject = FSL_MNI152
srcval     = /ensc/NEWTON5/STUDENTS/DLU/Arrowsmith_TBI/PROCESSED_DATA/FREESURFER/FSL_MNI152/surf/rh.w-g.pct.mgh
srctype    = curv
trgsubject = fsaverage
trgval     = ./tmp.mris_preproc.424/FSL_MNI152.1.mgh
trgtype    = 
srcsurfreg = sphere.reg
trgsurfreg = sphere.reg
srchemi    = rh
trghemi    = rh
frame      = 0
fwhm-in    = 0
fwhm-out   = 0
label-src  = (null)
label-trg  = (null)
OKToRevFaceOrder  = 1
Reading source surface reg /ensc/NEWTON5/STUDENTS/DLU/Arrowsmith_TBI/PROCESSED_DATA/FREESURFER/FSL_MNI152/surf/rh.sphere.reg
Loading source data
Reading curvature file /ensc/NEWTON5/STUDENTS/DLU/Arrowsmith_TBI/PROCESSED_DATA/FREESURFER/FSL_MNI152/surf/rh.w-g.pct.mgh
Reading target surface reg /ensc/NEWTON5/STUDENTS/DLU/Arrowsmith_TBI/PROCESSED_DATA/FREESURFER/fsaverage/surf/rh.sphere.reg
Done
Mapping Source Volume onto Source Subject Surface
surf2surf_nnfr: building source hash (res=16).
Surf2Surf: Forward Loop (163842)

surf2surf_nnfr: building target hash (res=16).
Surf2Surf: Reverse Loop (149565)
Reverse Loop had 28307 hits
Surf2Surf: Dividing by number of hits (163842)
INFO: nSrcLost = 0
nTrg121 = 140647, nTrgMulti = 23195, MnTrgMultiHits = 2.22039
nSrc121 = 116244, nSrcLost =     0, nSrcMulti = 33321, MnSrcMultiHits = 2.27799
Saving target data
Saving to ./tmp.mris_preproc.424/FSL_MNI152.1.mgh



-----------------------
mri_concat ./tmp.mris_preproc.424/FSL_MNI152.1.mgh --o rh.w-g.pct.mgh.fsaverage.mgh
ninputs = 1
Checking inputs
nframestot = 1
Allocing output
Done allocing
nframes = 1
Writing to rh.w-g.pct.mgh.fsaverage.mgh



Cleaning up
-----------------------
rm -r ./tmp.mris_preproc.424
Tue Mar 15 18:30:18 PDT 2016
mris_preproc done
